e:\wfg\study\4_四\软件课设\using\login\debug\vc142.pdb
e:\wfg\study\4_四\软件课设\using\login\debug\vc142.idb
e:\wfg\study\4_四\软件课设\using\login\debug\studentinfordlg.obj
e:\wfg\study\4_四\软件课设\using\login\debug\logindlg.obj
e:\wfg\study\4_四\软件课设\using\login\debug\database.obj
e:\wfg\study\4_四\软件课设\using\login\debug\login.obj
e:\wfg\study\4_四\软件课设\using\login\debug\login.pch
e:\wfg\study\4_四\软件课设\using\login\debug\pch.obj
e:\wfg\study\4_四\软件课设\using\login\debug\login.exe
e:\wfg\study\4_四\软件课设\using\login\debug\login.ilk
e:\wfg\study\4_四\软件课设\using\login\debug\login.pdb
e:\wfg\study\4_四\软件课设\using\login\debug\login.res
e:\wfg\study\4_四\软件课设\using\login\debug\msado15.tli
e:\wfg\study\4_四\软件课设\using\login\debug\msado15.tlh
e:\wfg\study\4_四\软件课设\using\login\debug\login.tlog\cl.command.1.tlog
e:\wfg\study\4_四\软件课设\using\login\debug\login.tlog\cl.read.1.tlog
e:\wfg\study\4_四\软件课设\using\login\debug\login.tlog\cl.write.1.tlog
e:\wfg\study\4_四\软件课设\using\login\debug\login.tlog\link.command.1.tlog
e:\wfg\study\4_四\软件课设\using\login\debug\login.tlog\link.read.1.tlog
e:\wfg\study\4_四\软件课设\using\login\debug\login.tlog\link.write.1.tlog
e:\wfg\study\4_四\软件课设\using\login\debug\login.tlog\rc.command.1.tlog
e:\wfg\study\4_四\软件课设\using\login\debug\login.tlog\rc.read.1.tlog
e:\wfg\study\4_四\软件课设\using\login\debug\login.tlog\rc.write.1.tlog
